<?xml version="1.0" encoding="UTF-8"?>
<testsuite name="com.jojoldu.book.domain.posts.PostsRepositoryTest" tests="2" skipped="0" failures="0" errors="0" timestamp="2021-04-27T05:50:08" hostname="DESKTOP-182C8T2" time="0.543">
  <properties/>
  <testcase name="게시글저장_불러오기" classname="com.jojoldu.book.domain.posts.PostsRepositoryTest" time="0.528"/>
  <testcase name="BaseTimeEntity_등록" classname="com.jojoldu.book.domain.posts.PostsRepositoryTest" time="0.014"/>
  <system-out><![CDATA[14:50:01.110 [Test worker] DEBUG org.springframework.test.context.junit4.SpringJUnit4ClassRunner - SpringJUnit4ClassRunner constructor called with [class com.jojoldu.book.domain.posts.PostsRepositoryTest]
14:50:01.118 [Test worker] DEBUG org.springframework.test.context.BootstrapUtils - Instantiating CacheAwareContextLoaderDelegate from class [org.springframework.test.context.cache.DefaultCacheAwareContextLoaderDelegate]
14:50:01.130 [Test worker] DEBUG org.springframework.test.context.BootstrapUtils - Instantiating BootstrapContext using constructor [public org.springframework.test.context.support.DefaultBootstrapContext(java.lang.Class,org.springframework.test.context.CacheAwareContextLoaderDelegate)]
14:50:01.148 [Test worker] DEBUG org.springframework.test.context.BootstrapUtils - Instantiating TestContextBootstrapper for test class [com.jojoldu.book.domain.posts.PostsRepositoryTest] from class [org.springframework.boot.test.context.SpringBootTestContextBootstrapper]
14:50:01.162 [Test worker] INFO org.springframework.boot.test.context.SpringBootTestContextBootstrapper - Neither @ContextConfiguration nor @ContextHierarchy found for test class [com.jojoldu.book.domain.posts.PostsRepositoryTest], using SpringBootContextLoader
14:50:01.166 [Test worker] DEBUG org.springframework.test.context.support.AbstractContextLoader - Did not detect default resource location for test class [com.jojoldu.book.domain.posts.PostsRepositoryTest]: class path resource [com/jojoldu/book/domain/posts/PostsRepositoryTest-context.xml] does not exist
14:50:01.167 [Test worker] DEBUG org.springframework.test.context.support.AbstractContextLoader - Did not detect default resource location for test class [com.jojoldu.book.domain.posts.PostsRepositoryTest]: class path resource [com/jojoldu/book/domain/posts/PostsRepositoryTestContext.groovy] does not exist
14:50:01.168 [Test worker] INFO org.springframework.test.context.support.AbstractContextLoader - Could not detect default resource locations for test class [com.jojoldu.book.domain.posts.PostsRepositoryTest]: no resource found for suffixes {-context.xml, Context.groovy}.
14:50:01.169 [Test worker] INFO org.springframework.test.context.support.AnnotationConfigContextLoaderUtils - Could not detect default configuration classes for test class [com.jojoldu.book.domain.posts.PostsRepositoryTest]: PostsRepositoryTest does not declare any static, non-private, non-final, nested classes annotated with @Configuration.
14:50:01.210 [Test worker] DEBUG org.springframework.test.context.support.ActiveProfilesUtils - Could not find an 'annotation declaring class' for annotation type [org.springframework.test.context.ActiveProfiles] and class [com.jojoldu.book.domain.posts.PostsRepositoryTest]
14:50:01.290 [Test worker] DEBUG org.springframework.context.annotation.ClassPathScanningCandidateComponentProvider - Identified candidate component class: file [D:\springbootworkspace\SpringBootSample\build\classes\java\main\com\jojoldu\book\Application.class]
14:50:01.291 [Test worker] INFO org.springframework.boot.test.context.SpringBootTestContextBootstrapper - Found @SpringBootConfiguration com.jojoldu.book.Application for test class com.jojoldu.book.domain.posts.PostsRepositoryTest
14:50:01.390 [Test worker] DEBUG org.springframework.boot.test.context.SpringBootTestContextBootstrapper - @TestExecutionListeners is not present for class [com.jojoldu.book.domain.posts.PostsRepositoryTest]: using defaults.
14:50:01.391 [Test worker] INFO org.springframework.boot.test.context.SpringBootTestContextBootstrapper - Loaded default TestExecutionListener class names from location [META-INF/spring.factories]: [org.springframework.security.test.context.support.WithSecurityContextTestExecutionListener, org.springframework.security.test.context.support.ReactorContextTestExecutionListener, org.springframework.boot.test.autoconfigure.restdocs.RestDocsTestExecutionListener, org.springframework.boot.test.autoconfigure.web.client.MockRestServiceServerResetTestExecutionListener, org.springframework.boot.test.autoconfigure.web.servlet.MockMvcPrintOnlyOnFailureTestExecutionListener, org.springframework.boot.test.autoconfigure.web.servlet.WebDriverTestExecutionListener, org.springframework.boot.test.mock.mockito.MockitoTestExecutionListener, org.springframework.boot.test.mock.mockito.ResetMocksTestExecutionListener, org.springframework.test.context.web.ServletTestExecutionListener, org.springframework.test.context.support.DirtiesContextBeforeModesTestExecutionListener, org.springframework.test.context.support.DependencyInjectionTestExecutionListener, org.springframework.test.context.support.DirtiesContextTestExecutionListener, org.springframework.test.context.transaction.TransactionalTestExecutionListener, org.springframework.test.context.jdbc.SqlScriptsTestExecutionListener]
14:50:01.412 [Test worker] INFO org.springframework.boot.test.context.SpringBootTestContextBootstrapper - Using TestExecutionListeners: [org.springframework.test.context.web.ServletTestExecutionListener@21455635, org.springframework.test.context.support.DirtiesContextBeforeModesTestExecutionListener@3fb29af, org.springframework.boot.test.mock.mockito.MockitoTestExecutionListener@7b80e08b, org.springframework.boot.test.autoconfigure.SpringBootDependencyInjectionTestExecutionListener@27ef1e7d, org.springframework.test.context.support.DirtiesContextTestExecutionListener@2c10104b, org.springframework.test.context.transaction.TransactionalTestExecutionListener@76fcf237, org.springframework.test.context.jdbc.SqlScriptsTestExecutionListener@a04c0db, org.springframework.security.test.context.support.WithSecurityContextTestExecutionListener@55472b10, org.springframework.security.test.context.support.ReactorContextTestExecutionListener@7979fbbb, org.springframework.boot.test.autoconfigure.restdocs.RestDocsTestExecutionListener@6885c3e9, org.springframework.boot.test.autoconfigure.web.client.MockRestServiceServerResetTestExecutionListener@44abd43a, org.springframework.boot.test.autoconfigure.web.servlet.MockMvcPrintOnlyOnFailureTestExecutionListener@28d86814, org.springframework.boot.test.autoconfigure.web.servlet.WebDriverTestExecutionListener@1e4aea97, org.springframework.boot.test.mock.mockito.ResetMocksTestExecutionListener@5896f83c]
14:50:01.416 [Test worker] DEBUG org.springframework.test.annotation.ProfileValueUtils - Retrieved @ProfileValueSourceConfiguration [null] for test class [com.jojoldu.book.domain.posts.PostsRepositoryTest]
14:50:01.416 [Test worker] DEBUG org.springframework.test.annotation.ProfileValueUtils - Retrieved ProfileValueSource type [class org.springframework.test.annotation.SystemProfileValueSource] for class [com.jojoldu.book.domain.posts.PostsRepositoryTest]
14:50:01.417 [Test worker] DEBUG org.springframework.test.annotation.ProfileValueUtils - Retrieved @ProfileValueSourceConfiguration [null] for test class [com.jojoldu.book.domain.posts.PostsRepositoryTest]
14:50:01.417 [Test worker] DEBUG org.springframework.test.annotation.ProfileValueUtils - Retrieved ProfileValueSource type [class org.springframework.test.annotation.SystemProfileValueSource] for class [com.jojoldu.book.domain.posts.PostsRepositoryTest]
14:50:01.425 [Test worker] DEBUG org.springframework.test.context.support.AbstractDirtiesContextTestExecutionListener - Before test class: context [DefaultTestContext@2112e861 testClass = PostsRepositoryTest, testInstance = [null], testMethod = [null], testException = [null], mergedContextConfiguration = [WebMergedContextConfiguration@13d32ba3 testClass = PostsRepositoryTest, locations = '{}', classes = '{class com.jojoldu.book.Application}', contextInitializerClasses = '[]', activeProfiles = '{}', propertySourceLocations = '{}', propertySourceProperties = '{org.springframework.boot.test.context.SpringBootTestContextBootstrapper=true}', contextCustomizers = set[org.springframework.boot.test.autoconfigure.properties.PropertyMappingContextCustomizer@0, org.springframework.boot.test.autoconfigure.web.servlet.WebDriverContextCustomizerFactory$Customizer@3c4cdf8f, org.springframework.boot.test.context.filter.ExcludeFilterContextCustomizer@de1d49f, org.springframework.boot.test.json.DuplicateJsonObjectContextCustomizerFactory$DuplicateJsonObjectContextCustomizer@6b1b9668, org.springframework.boot.test.mock.mockito.MockitoContextCustomizer@0, org.springframework.boot.test.web.client.TestRestTemplateContextCustomizer@4cae464d], resourceBasePath = 'src/main/webapp', contextLoader = 'org.springframework.boot.test.context.SpringBootContextLoader', parent = [null]], attributes = map['org.springframework.test.context.web.ServletTestExecutionListener.activateListener' -> true]], class annotated with @DirtiesContext [false] with mode [null].
14:50:01.428 [Test worker] DEBUG org.springframework.test.annotation.ProfileValueUtils - Retrieved @ProfileValueSourceConfiguration [null] for test class [com.jojoldu.book.domain.posts.PostsRepositoryTest]
14:50:01.429 [Test worker] DEBUG org.springframework.test.annotation.ProfileValueUtils - Retrieved ProfileValueSource type [class org.springframework.test.annotation.SystemProfileValueSource] for class [com.jojoldu.book.domain.posts.PostsRepositoryTest]
14:50:01.462 [Test worker] DEBUG org.springframework.test.context.support.TestPropertySourceUtils - Adding inlined properties to environment: {spring.jmx.enabled=false, org.springframework.boot.test.context.SpringBootTestContextBootstrapper=true, server.port=-1}

  .   ____          _            __ _ _
 /\\ / ___'_ __ _ _(_)_ __  __ _ \ \ \ \
( ( )\___ | '_ | '_| | '_ \/ _` | \ \ \ \
 \\/  ___)| |_)| | | | | || (_| |  ) ) ) )
  '  |____| .__|_| |_|_| |_\__, | / / / /
 =========|_|==============|___/=/_/_/_/
 :: Spring Boot ::        (v2.1.9.RELEASE)

2021-04-27 14:50:01.724  INFO 41344 --- [    Test worker] c.j.b.domain.posts.PostsRepositoryTest   : Starting PostsRepositoryTest on DESKTOP-182C8T2 with PID 41344 (started by dmlqh in D:\springbootworkspace\SpringBootSample)
2021-04-27 14:50:01.726  INFO 41344 --- [    Test worker] c.j.b.domain.posts.PostsRepositoryTest   : No active profile set, falling back to default profiles: default
2021-04-27 14:50:03.134  INFO 41344 --- [    Test worker] .s.d.r.c.RepositoryConfigurationDelegate : Bootstrapping Spring Data repositories in DEFAULT mode.
2021-04-27 14:50:03.209  INFO 41344 --- [    Test worker] .s.d.r.c.RepositoryConfigurationDelegate : Finished Spring Data repository scanning in 66ms. Found 2 repository interfaces.
2021-04-27 14:50:03.720  INFO 41344 --- [    Test worker] trationDelegate$BeanPostProcessorChecker : Bean 'org.springframework.transaction.annotation.ProxyTransactionManagementConfiguration' of type [org.springframework.transaction.annotation.ProxyTransactionManagementConfiguration$$EnhancerBySpringCGLIB$$ac41b4ce] is not eligible for getting processed by all BeanPostProcessors (for example: not eligible for auto-proxying)
2021-04-27 14:50:03.926  INFO 41344 --- [    Test worker] com.zaxxer.hikari.HikariDataSource       : HikariPool-1 - Starting...
2021-04-27 14:50:04.117  INFO 41344 --- [    Test worker] com.zaxxer.hikari.HikariDataSource       : HikariPool-1 - Start completed.
2021-04-27 14:50:04.229  INFO 41344 --- [    Test worker] o.hibernate.jpa.internal.util.LogHelper  : HHH000204: Processing PersistenceUnitInfo [
	name: default
	...]
2021-04-27 14:50:04.335  INFO 41344 --- [    Test worker] org.hibernate.Version                    : HHH000412: Hibernate Core {5.3.12.Final}
2021-04-27 14:50:04.337  INFO 41344 --- [    Test worker] org.hibernate.cfg.Environment            : HHH000206: hibernate.properties not found
2021-04-27 14:50:04.539  INFO 41344 --- [    Test worker] o.hibernate.annotations.common.Version   : HCANN000001: Hibernate Commons Annotations {5.0.4.Final}
2021-04-27 14:50:04.718  INFO 41344 --- [    Test worker] org.hibernate.dialect.Dialect            : HHH000400: Using dialect: org.hibernate.dialect.MySQL57Dialect
Hibernate: drop table if exists posts
Hibernate: drop table if exists user
Hibernate: create table posts (id bigint not null auto_increment, created_date datetime(6), modified_date datetime(6), author varchar(255), content TEXT not null, title varchar(500) not null, primary key (id)) engine=InnoDB
Hibernate: create table user (id bigint not null auto_increment, created_date datetime(6), modified_date datetime(6), email varchar(255) not null, name varchar(255) not null, picture varchar(255), role varchar(255) not null, primary key (id)) engine=InnoDB
2021-04-27 14:50:05.436  INFO 41344 --- [    Test worker] o.h.t.schema.internal.SchemaCreatorImpl  : HHH000476: Executing import script 'org.hibernate.tool.schema.internal.exec.ScriptSourceInputNonExistentImpl@3815c894'
2021-04-27 14:50:05.439  INFO 41344 --- [    Test worker] j.LocalContainerEntityManagerFactoryBean : Initialized JPA EntityManagerFactory for persistence unit 'default'
2021-04-27 14:50:06.075  INFO 41344 --- [    Test worker] o.h.h.i.QueryTranslatorFactoryInitiator  : HHH000397: Using ASTQueryTranslatorFactory
2021-04-27 14:50:06.523  INFO 41344 --- [    Test worker] o.s.s.web.DefaultSecurityFilterChain     : Creating filter chain: any request, [org.springframework.security.web.context.request.async.WebAsyncManagerIntegrationFilter@387708ea, org.springframework.security.web.context.SecurityContextPersistenceFilter@4d3e66e1, org.springframework.security.web.header.HeaderWriterFilter@4cb3964b, org.springframework.security.web.authentication.logout.LogoutFilter@2dd9edd2, org.springframework.security.oauth2.client.web.OAuth2AuthorizationRequestRedirectFilter@a3977f6, org.springframework.security.oauth2.client.web.OAuth2LoginAuthenticationFilter@69fb20fd, org.springframework.security.web.authentication.ui.DefaultLoginPageGeneratingFilter@36f5e1e, org.springframework.security.web.authentication.ui.DefaultLogoutPageGeneratingFilter@40a23ae6, org.springframework.security.web.savedrequest.RequestCacheAwareFilter@c2ef371, org.springframework.security.web.servletapi.SecurityContextHolderAwareRequestFilter@1e1e3053, org.springframework.security.web.authentication.AnonymousAuthenticationFilter@6f1ba6d5, org.springframework.security.web.session.SessionManagementFilter@49d5df44, org.springframework.security.web.access.ExceptionTranslationFilter@35cd1ef3, org.springframework.security.web.access.intercept.FilterSecurityInterceptor@3dd99890]
2021-04-27 14:50:07.206  INFO 41344 --- [    Test worker] o.s.s.concurrent.ThreadPoolTaskExecutor  : Initializing ExecutorService 'applicationTaskExecutor'
2021-04-27 14:50:07.317  WARN 41344 --- [    Test worker] aWebConfiguration$JpaWebMvcConfiguration : spring.jpa.open-in-view is enabled by default. Therefore, database queries may be performed during view rendering. Explicitly configure spring.jpa.open-in-view to disable this warning
2021-04-27 14:50:07.419  INFO 41344 --- [    Test worker] o.s.b.a.w.s.WelcomePageHandlerMapping    : Adding welcome page template: index
2021-04-27 14:50:08.151  INFO 41344 --- [    Test worker] s.a.ScheduledAnnotationBeanPostProcessor : No TaskScheduler/ScheduledExecutorService bean found for scheduled processing
2021-04-27 14:50:08.166  INFO 41344 --- [    Test worker] c.j.b.domain.posts.PostsRepositoryTest   : Started PostsRepositoryTest in 6.693 seconds (JVM running for 8.431)
Hibernate: insert into posts (created_date, modified_date, author, content, title) values (?, ?, ?, ?, ?)
Hibernate: select posts0_.id as id1_0_, posts0_.created_date as created_2_0_, posts0_.modified_date as modified3_0_, posts0_.author as author4_0_, posts0_.content as content5_0_, posts0_.title as title6_0_ from posts posts0_
Hibernate: select posts0_.id as id1_0_, posts0_.created_date as created_2_0_, posts0_.modified_date as modified3_0_, posts0_.author as author4_0_, posts0_.content as content5_0_, posts0_.title as title6_0_ from posts posts0_
Hibernate: delete from posts where id=?
Hibernate: insert into posts (created_date, modified_date, author, content, title) values (?, ?, ?, ?, ?)
Hibernate: select posts0_.id as id1_0_, posts0_.created_date as created_2_0_, posts0_.modified_date as modified3_0_, posts0_.author as author4_0_, posts0_.content as content5_0_, posts0_.title as title6_0_ from posts posts0_
>>>>> created time = 2021-04-27T14:50:08.731029, modified date = 2021-04-27T14:50:08.731029
Hibernate: select posts0_.id as id1_0_, posts0_.created_date as created_2_0_, posts0_.modified_date as modified3_0_, posts0_.author as author4_0_, posts0_.content as content5_0_, posts0_.title as title6_0_ from posts posts0_
Hibernate: delete from posts where id=?
]]></system-out>
  <system-err><![CDATA[]]></system-err>
</testsuite>
