<?xml version="1.0" encoding="UTF-8"?>
<testsuite name="com.jojoldu.book.web.IndexControllerTest" tests="1" skipped="0" failures="0" errors="0" timestamp="2021-04-27T05:50:13" hostname="DESKTOP-182C8T2" time="0.239">
  <properties/>
  <testcase name="메인페이지_로딩" classname="com.jojoldu.book.web.IndexControllerTest" time="0.239"/>
  <system-out><![CDATA[2021-04-27 14:50:10.219  INFO 41344 --- [    Test worker] .b.t.c.SpringBootTestContextBootstrapper : Neither @ContextConfiguration nor @ContextHierarchy found for test class [com.jojoldu.book.web.IndexControllerTest], using SpringBootContextLoader
2021-04-27 14:50:10.221  INFO 41344 --- [    Test worker] o.s.t.c.support.AbstractContextLoader    : Could not detect default resource locations for test class [com.jojoldu.book.web.IndexControllerTest]: no resource found for suffixes {-context.xml, Context.groovy}.
2021-04-27 14:50:10.221  INFO 41344 --- [    Test worker] t.c.s.AnnotationConfigContextLoaderUtils : Could not detect default configuration classes for test class [com.jojoldu.book.web.IndexControllerTest]: IndexControllerTest does not declare any static, non-private, non-final, nested classes annotated with @Configuration.
2021-04-27 14:50:10.224  INFO 41344 --- [    Test worker] .b.t.c.SpringBootTestContextBootstrapper : Found @SpringBootConfiguration com.jojoldu.book.Application for test class com.jojoldu.book.web.IndexControllerTest
2021-04-27 14:50:10.226  INFO 41344 --- [    Test worker] .b.t.c.SpringBootTestContextBootstrapper : Loaded default TestExecutionListener class names from location [META-INF/spring.factories]: [org.springframework.security.test.context.support.WithSecurityContextTestExecutionListener, org.springframework.security.test.context.support.ReactorContextTestExecutionListener, org.springframework.boot.test.autoconfigure.restdocs.RestDocsTestExecutionListener, org.springframework.boot.test.autoconfigure.web.client.MockRestServiceServerResetTestExecutionListener, org.springframework.boot.test.autoconfigure.web.servlet.MockMvcPrintOnlyOnFailureTestExecutionListener, org.springframework.boot.test.autoconfigure.web.servlet.WebDriverTestExecutionListener, org.springframework.boot.test.mock.mockito.MockitoTestExecutionListener, org.springframework.boot.test.mock.mockito.ResetMocksTestExecutionListener, org.springframework.test.context.web.ServletTestExecutionListener, org.springframework.test.context.support.DirtiesContextBeforeModesTestExecutionListener, org.springframework.test.context.support.DependencyInjectionTestExecutionListener, org.springframework.test.context.support.DirtiesContextTestExecutionListener, org.springframework.test.context.transaction.TransactionalTestExecutionListener, org.springframework.test.context.jdbc.SqlScriptsTestExecutionListener]
2021-04-27 14:50:10.229  INFO 41344 --- [    Test worker] .b.t.c.SpringBootTestContextBootstrapper : Using TestExecutionListeners: [org.springframework.test.context.web.ServletTestExecutionListener@7317486b, org.springframework.test.context.support.DirtiesContextBeforeModesTestExecutionListener@15ac9673, org.springframework.boot.test.mock.mockito.MockitoTestExecutionListener@552a8f12, org.springframework.boot.test.autoconfigure.SpringBootDependencyInjectionTestExecutionListener@7a00cd3c, org.springframework.test.context.support.DirtiesContextTestExecutionListener@339d8607, org.springframework.test.context.transaction.TransactionalTestExecutionListener@42738109, org.springframework.test.context.jdbc.SqlScriptsTestExecutionListener@4320c44a, org.springframework.security.test.context.support.WithSecurityContextTestExecutionListener@3f35883f, org.springframework.security.test.context.support.ReactorContextTestExecutionListener@60c79c60, org.springframework.boot.test.autoconfigure.restdocs.RestDocsTestExecutionListener@3e6222b8, org.springframework.boot.test.autoconfigure.web.client.MockRestServiceServerResetTestExecutionListener@7b25a3aa, org.springframework.boot.test.autoconfigure.web.servlet.MockMvcPrintOnlyOnFailureTestExecutionListener@68c2b881, org.springframework.boot.test.autoconfigure.web.servlet.WebDriverTestExecutionListener@34ba0d65, org.springframework.boot.test.mock.mockito.ResetMocksTestExecutionListener@1b629ea8]

  .   ____          _            __ _ _
 /\\ / ___'_ __ _ _(_)_ __  __ _ \ \ \ \
( ( )\___ | '_ | '_| | '_ \/ _` | \ \ \ \
 \\/  ___)| |_)| | | | | || (_| |  ) ) ) )
  '  |____| .__|_| |_|_| |_\__, | / / / /
 =========|_|==============|___/=/_/_/_/
 :: Spring Boot ::        (v2.1.9.RELEASE)

2021-04-27 14:50:10.269  INFO 41344 --- [    Test worker] c.jojoldu.book.web.IndexControllerTest   : Starting IndexControllerTest on DESKTOP-182C8T2 with PID 41344 (started by dmlqh in D:\springbootworkspace\SpringBootSample)
2021-04-27 14:50:10.270  INFO 41344 --- [    Test worker] c.jojoldu.book.web.IndexControllerTest   : No active profile set, falling back to default profiles: default
2021-04-27 14:50:10.588  INFO 41344 --- [    Test worker] .s.d.r.c.RepositoryConfigurationDelegate : Bootstrapping Spring Data repositories in DEFAULT mode.
2021-04-27 14:50:10.617  INFO 41344 --- [    Test worker] .s.d.r.c.RepositoryConfigurationDelegate : Finished Spring Data repository scanning in 29ms. Found 2 repository interfaces.
2021-04-27 14:50:10.791  INFO 41344 --- [    Test worker] trationDelegate$BeanPostProcessorChecker : Bean 'org.springframework.transaction.annotation.ProxyTransactionManagementConfiguration' of type [org.springframework.transaction.annotation.ProxyTransactionManagementConfiguration$$EnhancerBySpringCGLIB$$ac41b4ce] is not eligible for getting processed by all BeanPostProcessors (for example: not eligible for auto-proxying)
2021-04-27 14:50:11.122  INFO 41344 --- [    Test worker] o.s.b.w.embedded.tomcat.TomcatWebServer  : Tomcat initialized with port(s): 0 (http)
2021-04-27 14:50:11.166  INFO 41344 --- [    Test worker] o.apache.catalina.core.StandardService   : Starting service [Tomcat]
2021-04-27 14:50:11.166  INFO 41344 --- [    Test worker] org.apache.catalina.core.StandardEngine  : Starting Servlet engine: [Apache Tomcat/9.0.26]
2021-04-27 14:50:11.429  INFO 41344 --- [    Test worker] o.a.c.c.C.[Tomcat].[localhost].[/]       : Initializing Spring embedded WebApplicationContext
2021-04-27 14:50:11.429  INFO 41344 --- [    Test worker] o.s.web.context.ContextLoader            : Root WebApplicationContext: initialization completed in 1154 ms
2021-04-27 14:50:11.723  INFO 41344 --- [    Test worker] com.zaxxer.hikari.HikariDataSource       : HikariPool-2 - Starting...
2021-04-27 14:50:11.725  INFO 41344 --- [    Test worker] com.zaxxer.hikari.HikariDataSource       : HikariPool-2 - Start completed.
2021-04-27 14:50:11.777  INFO 41344 --- [    Test worker] o.hibernate.jpa.internal.util.LogHelper  : HHH000204: Processing PersistenceUnitInfo [
	name: default
	...]
2021-04-27 14:50:11.786  INFO 41344 --- [    Test worker] org.hibernate.dialect.Dialect            : HHH000400: Using dialect: org.hibernate.dialect.MySQL57Dialect
Hibernate: drop table if exists posts
Hibernate: drop table if exists user
Hibernate: create table posts (id bigint not null auto_increment, created_date datetime(6), modified_date datetime(6), author varchar(255), content TEXT not null, title varchar(500) not null, primary key (id)) engine=InnoDB
Hibernate: create table user (id bigint not null auto_increment, created_date datetime(6), modified_date datetime(6), email varchar(255) not null, name varchar(255) not null, picture varchar(255), role varchar(255) not null, primary key (id)) engine=InnoDB
2021-04-27 14:50:11.876  INFO 41344 --- [    Test worker] o.h.t.schema.internal.SchemaCreatorImpl  : HHH000476: Executing import script 'org.hibernate.tool.schema.internal.exec.ScriptSourceInputNonExistentImpl@3815c894'
2021-04-27 14:50:11.877  INFO 41344 --- [    Test worker] j.LocalContainerEntityManagerFactoryBean : Initialized JPA EntityManagerFactory for persistence unit 'default'
2021-04-27 14:50:12.311  INFO 41344 --- [    Test worker] o.h.h.i.QueryTranslatorFactoryInitiator  : HHH000397: Using ASTQueryTranslatorFactory
2021-04-27 14:50:12.461  INFO 41344 --- [    Test worker] o.s.s.web.DefaultSecurityFilterChain     : Creating filter chain: any request, [org.springframework.security.web.context.request.async.WebAsyncManagerIntegrationFilter@566da61e, org.springframework.security.web.context.SecurityContextPersistenceFilter@298961f3, org.springframework.security.web.header.HeaderWriterFilter@55123770, org.springframework.security.web.authentication.logout.LogoutFilter@114e65fe, org.springframework.security.oauth2.client.web.OAuth2AuthorizationRequestRedirectFilter@24bb7a90, org.springframework.security.oauth2.client.web.OAuth2LoginAuthenticationFilter@743e1048, org.springframework.security.web.authentication.ui.DefaultLoginPageGeneratingFilter@73aa0481, org.springframework.security.web.authentication.ui.DefaultLogoutPageGeneratingFilter@d64d0a3, org.springframework.security.web.savedrequest.RequestCacheAwareFilter@19cff1c4, org.springframework.security.web.servletapi.SecurityContextHolderAwareRequestFilter@5d22ec3a, org.springframework.security.web.authentication.AnonymousAuthenticationFilter@72f44465, org.springframework.security.web.session.SessionManagementFilter@6e8815da, org.springframework.security.web.access.ExceptionTranslationFilter@7e29cbe5, org.springframework.security.web.access.intercept.FilterSecurityInterceptor@7da4cece]
2021-04-27 14:50:12.670  INFO 41344 --- [    Test worker] o.s.s.concurrent.ThreadPoolTaskExecutor  : Initializing ExecutorService 'applicationTaskExecutor'
2021-04-27 14:50:12.686  WARN 41344 --- [    Test worker] aWebConfiguration$JpaWebMvcConfiguration : spring.jpa.open-in-view is enabled by default. Therefore, database queries may be performed during view rendering. Explicitly configure spring.jpa.open-in-view to disable this warning
2021-04-27 14:50:12.717  INFO 41344 --- [    Test worker] o.s.b.a.w.s.WelcomePageHandlerMapping    : Adding welcome page template: index
2021-04-27 14:50:13.033  INFO 41344 --- [    Test worker] s.a.ScheduledAnnotationBeanPostProcessor : No TaskScheduler/ScheduledExecutorService bean found for scheduled processing
2021-04-27 14:50:13.059  INFO 41344 --- [    Test worker] o.s.b.w.embedded.tomcat.TomcatWebServer  : Tomcat started on port(s): 54716 (http) with context path ''
2021-04-27 14:50:13.060  INFO 41344 --- [    Test worker] c.jojoldu.book.web.IndexControllerTest   : Started IndexControllerTest in 2.828 seconds (JVM running for 13.325)
2021-04-27 14:50:13.175  INFO 41344 --- [o-auto-1-exec-1] o.a.c.c.C.[Tomcat].[localhost].[/]       : Initializing Spring DispatcherServlet 'dispatcherServlet'
2021-04-27 14:50:13.176  INFO 41344 --- [o-auto-1-exec-1] o.s.web.servlet.DispatcherServlet        : Initializing Servlet 'dispatcherServlet'
2021-04-27 14:50:13.209  INFO 41344 --- [o-auto-1-exec-1] o.s.web.servlet.DispatcherServlet        : Completed initialization in 33 ms
Hibernate: select posts0_.id as id1_0_, posts0_.created_date as created_2_0_, posts0_.modified_date as modified3_0_, posts0_.author as author4_0_, posts0_.content as content5_0_, posts0_.title as title6_0_ from posts posts0_ order by posts0_.id desc
]]></system-out>
  <system-err><![CDATA[]]></system-err>
</testsuite>
