<?xml version="1.0" encoding="UTF-8"?>
<testsuite name="com.jojoldu.book.web.dto.HelloResponseDtoTest" tests="1" skipped="0" failures="0" errors="0" timestamp="2021-04-26T13:14:33" hostname="DESKTOP-NBNQBKD" time="0.008">
  <properties/>
  <testcase name="rombok_test" classname="com.jojoldu.book.web.dto.HelloResponseDtoTest" time="0.008"/>
  <system-out><![CDATA[]]></system-out>
  <system-err><![CDATA[]]></system-err>
</testsuite>
