<?xml version="1.0" encoding="UTF-8"?>
<testsuite name="com.jojoldu.book.web.HelloControllerTest" tests="2" skipped="0" failures="0" errors="0" timestamp="2021-04-27T05:50:10" hostname="DESKTOP-182C8T2" time="0.175">
  <properties/>
  <testcase name="hello가_리턴된다" classname="com.jojoldu.book.web.HelloControllerTest" time="0.08"/>
  <testcase name="helloDto가_리턴된다" classname="com.jojoldu.book.web.HelloControllerTest" time="0.094"/>
  <system-out><![CDATA[2021-04-27 14:50:08.761  INFO 41344 --- [    Test worker] .b.t.a.w.s.WebMvcTestContextBootstrapper : Neither @ContextConfiguration nor @ContextHierarchy found for test class [com.jojoldu.book.web.HelloControllerTest], using SpringBootContextLoader
2021-04-27 14:50:08.762  INFO 41344 --- [    Test worker] o.s.t.c.support.AbstractContextLoader    : Could not detect default resource locations for test class [com.jojoldu.book.web.HelloControllerTest]: no resource found for suffixes {-context.xml, Context.groovy}.
2021-04-27 14:50:08.763  INFO 41344 --- [    Test worker] t.c.s.AnnotationConfigContextLoaderUtils : Could not detect default configuration classes for test class [com.jojoldu.book.web.HelloControllerTest]: HelloControllerTest does not declare any static, non-private, non-final, nested classes annotated with @Configuration.
2021-04-27 14:50:08.798  INFO 41344 --- [    Test worker] .b.t.c.SpringBootTestContextBootstrapper : Found @SpringBootConfiguration com.jojoldu.book.Application for test class com.jojoldu.book.web.HelloControllerTest
2021-04-27 14:50:08.799  INFO 41344 --- [    Test worker] .b.t.a.w.s.WebMvcTestContextBootstrapper : Loaded default TestExecutionListener class names from location [META-INF/spring.factories]: [org.springframework.security.test.context.support.WithSecurityContextTestExecutionListener, org.springframework.security.test.context.support.ReactorContextTestExecutionListener, org.springframework.boot.test.autoconfigure.restdocs.RestDocsTestExecutionListener, org.springframework.boot.test.autoconfigure.web.client.MockRestServiceServerResetTestExecutionListener, org.springframework.boot.test.autoconfigure.web.servlet.MockMvcPrintOnlyOnFailureTestExecutionListener, org.springframework.boot.test.autoconfigure.web.servlet.WebDriverTestExecutionListener, org.springframework.boot.test.mock.mockito.MockitoTestExecutionListener, org.springframework.boot.test.mock.mockito.ResetMocksTestExecutionListener, org.springframework.test.context.web.ServletTestExecutionListener, org.springframework.test.context.support.DirtiesContextBeforeModesTestExecutionListener, org.springframework.test.context.support.DependencyInjectionTestExecutionListener, org.springframework.test.context.support.DirtiesContextTestExecutionListener, org.springframework.test.context.transaction.TransactionalTestExecutionListener, org.springframework.test.context.jdbc.SqlScriptsTestExecutionListener]
2021-04-27 14:50:08.801  INFO 41344 --- [    Test worker] .b.t.a.w.s.WebMvcTestContextBootstrapper : Using TestExecutionListeners: [org.springframework.test.context.web.ServletTestExecutionListener@4aa28379, org.springframework.test.context.support.DirtiesContextBeforeModesTestExecutionListener@665e0a2d, org.springframework.boot.test.mock.mockito.MockitoTestExecutionListener@2b2bdae6, org.springframework.boot.test.autoconfigure.SpringBootDependencyInjectionTestExecutionListener@3dd3dd92, org.springframework.test.context.support.DirtiesContextTestExecutionListener@6334381a, org.springframework.test.context.transaction.TransactionalTestExecutionListener@75ad4933, org.springframework.test.context.jdbc.SqlScriptsTestExecutionListener@a4518a, org.springframework.security.test.context.support.WithSecurityContextTestExecutionListener@23b83341, org.springframework.security.test.context.support.ReactorContextTestExecutionListener@610e3bc4, org.springframework.boot.test.autoconfigure.restdocs.RestDocsTestExecutionListener@7ef51207, org.springframework.boot.test.autoconfigure.web.client.MockRestServiceServerResetTestExecutionListener@5c7f2452, org.springframework.boot.test.autoconfigure.web.servlet.MockMvcPrintOnlyOnFailureTestExecutionListener@3e3f36a7, org.springframework.boot.test.autoconfigure.web.servlet.WebDriverTestExecutionListener@2e7ffabf, org.springframework.boot.test.mock.mockito.ResetMocksTestExecutionListener@784ca05d]

  .   ____          _            __ _ _
 /\\ / ___'_ __ _ _(_)_ __  __ _ \ \ \ \
( ( )\___ | '_ | '_| | '_ \/ _` | \ \ \ \
 \\/  ___)| |_)| | | | | || (_| |  ) ) ) )
  '  |____| .__|_| |_|_| |_\__, | / / / /
 =========|_|==============|___/=/_/_/_/
 :: Spring Boot ::        (v2.1.9.RELEASE)

2021-04-27 14:50:08.848  INFO 41344 --- [    Test worker] c.jojoldu.book.web.HelloControllerTest   : Starting HelloControllerTest on DESKTOP-182C8T2 with PID 41344 (started by dmlqh in D:\springbootworkspace\SpringBootSample)
2021-04-27 14:50:08.850  INFO 41344 --- [    Test worker] c.jojoldu.book.web.HelloControllerTest   : No active profile set, falling back to default profiles: default
2021-04-27 14:50:09.496  INFO 41344 --- [    Test worker] o.s.s.concurrent.ThreadPoolTaskExecutor  : Initializing ExecutorService 'applicationTaskExecutor'
2021-04-27 14:50:09.560  INFO 41344 --- [    Test worker] o.s.b.a.w.s.WelcomePageHandlerMapping    : Adding welcome page template: index
2021-04-27 14:50:09.784  INFO 41344 --- [    Test worker] .s.s.UserDetailsServiceAutoConfiguration : 

Using generated security password: 4666588f-3a33-43eb-bef2-3b55a0755fc8

2021-04-27 14:50:09.936  INFO 41344 --- [    Test worker] o.s.s.web.DefaultSecurityFilterChain     : Creating filter chain: any request, [org.springframework.security.web.context.request.async.WebAsyncManagerIntegrationFilter@3fff6a4, org.springframework.security.web.context.SecurityContextPersistenceFilter@32769de7, org.springframework.security.web.header.HeaderWriterFilter@de290f, org.springframework.security.web.csrf.CsrfFilter@1c84e06c, org.springframework.security.web.authentication.logout.LogoutFilter@67ead589, org.springframework.security.web.authentication.UsernamePasswordAuthenticationFilter@5045559b, org.springframework.security.web.authentication.ui.DefaultLoginPageGeneratingFilter@3bd5d255, org.springframework.security.web.authentication.ui.DefaultLogoutPageGeneratingFilter@2cc9ec63, org.springframework.security.web.authentication.www.BasicAuthenticationFilter@5fdfbda5, org.springframework.security.web.savedrequest.RequestCacheAwareFilter@608d7031, org.springframework.security.web.servletapi.SecurityContextHolderAwareRequestFilter@11eaab7e, org.springframework.security.web.authentication.AnonymousAuthenticationFilter@ed95eca, org.springframework.security.web.session.SessionManagementFilter@3be22ef8, org.springframework.security.web.access.ExceptionTranslationFilter@abb125a, org.springframework.security.web.access.intercept.FilterSecurityInterceptor@578f1bfb]
2021-04-27 14:50:09.977  INFO 41344 --- [    Test worker] o.s.b.t.m.w.SpringBootMockServletContext : Initializing Spring TestDispatcherServlet ''
2021-04-27 14:50:09.978  INFO 41344 --- [    Test worker] o.s.t.web.servlet.TestDispatcherServlet  : Initializing Servlet ''
2021-04-27 14:50:09.996  INFO 41344 --- [    Test worker] o.s.t.web.servlet.TestDispatcherServlet  : Completed initialization in 18 ms
2021-04-27 14:50:10.035  INFO 41344 --- [    Test worker] c.jojoldu.book.web.HelloControllerTest   : Started HelloControllerTest in 1.23 seconds (JVM running for 10.3)
]]></system-out>
  <system-err><![CDATA[]]></system-err>
</testsuite>
