<?xml version="1.0" encoding="UTF-8"?>
<testsuite name="com.jojoldu.book.web.IndexControllerTest" tests="1" skipped="0" failures="0" errors="0" timestamp="2021-04-26T13:14:37" hostname="DESKTOP-NBNQBKD" time="0.33">
  <properties/>
  <testcase name="메인페이지_로딩" classname="com.jojoldu.book.web.IndexControllerTest" time="0.33"/>
  <system-out><![CDATA[2021-04-26 22:14:37.844  INFO 16704 --- [    Test worker] .b.t.c.SpringBootTestContextBootstrapper : Neither @ContextConfiguration nor @ContextHierarchy found for test class [com.jojoldu.book.web.IndexControllerTest], using SpringBootContextLoader
2021-04-26 22:14:37.846  INFO 16704 --- [    Test worker] o.s.t.c.support.AbstractContextLoader    : Could not detect default resource locations for test class [com.jojoldu.book.web.IndexControllerTest]: no resource found for suffixes {-context.xml, Context.groovy}.
2021-04-26 22:14:37.846  INFO 16704 --- [    Test worker] t.c.s.AnnotationConfigContextLoaderUtils : Could not detect default configuration classes for test class [com.jojoldu.book.web.IndexControllerTest]: IndexControllerTest does not declare any static, non-private, non-final, nested classes annotated with @Configuration.
2021-04-26 22:14:37.849  INFO 16704 --- [    Test worker] .b.t.c.SpringBootTestContextBootstrapper : Found @SpringBootConfiguration com.jojoldu.book.Application for test class com.jojoldu.book.web.IndexControllerTest
2021-04-26 22:14:37.852  INFO 16704 --- [    Test worker] .b.t.c.SpringBootTestContextBootstrapper : Loaded default TestExecutionListener class names from location [META-INF/spring.factories]: [org.springframework.security.test.context.support.WithSecurityContextTestExecutionListener, org.springframework.security.test.context.support.ReactorContextTestExecutionListener, org.springframework.boot.test.autoconfigure.restdocs.RestDocsTestExecutionListener, org.springframework.boot.test.autoconfigure.web.client.MockRestServiceServerResetTestExecutionListener, org.springframework.boot.test.autoconfigure.web.servlet.MockMvcPrintOnlyOnFailureTestExecutionListener, org.springframework.boot.test.autoconfigure.web.servlet.WebDriverTestExecutionListener, org.springframework.boot.test.mock.mockito.MockitoTestExecutionListener, org.springframework.boot.test.mock.mockito.ResetMocksTestExecutionListener, org.springframework.test.context.web.ServletTestExecutionListener, org.springframework.test.context.support.DirtiesContextBeforeModesTestExecutionListener, org.springframework.test.context.support.DependencyInjectionTestExecutionListener, org.springframework.test.context.support.DirtiesContextTestExecutionListener, org.springframework.test.context.transaction.TransactionalTestExecutionListener, org.springframework.test.context.jdbc.SqlScriptsTestExecutionListener]
2021-04-26 22:14:37.853  INFO 16704 --- [    Test worker] .b.t.c.SpringBootTestContextBootstrapper : Using TestExecutionListeners: [org.springframework.test.context.web.ServletTestExecutionListener@78ff77d5, org.springframework.test.context.support.DirtiesContextBeforeModesTestExecutionListener@d4c575, org.springframework.boot.test.mock.mockito.MockitoTestExecutionListener@500b39dd, org.springframework.boot.test.autoconfigure.SpringBootDependencyInjectionTestExecutionListener@4f69c6f3, org.springframework.test.context.support.DirtiesContextTestExecutionListener@4c2b5114, org.springframework.test.context.transaction.TransactionalTestExecutionListener@6a72ca89, org.springframework.test.context.jdbc.SqlScriptsTestExecutionListener@633ec3cb, org.springframework.security.test.context.support.WithSecurityContextTestExecutionListener@6261cf01, org.springframework.security.test.context.support.ReactorContextTestExecutionListener@74d491a8, org.springframework.boot.test.autoconfigure.restdocs.RestDocsTestExecutionListener@88e3b39, org.springframework.boot.test.autoconfigure.web.client.MockRestServiceServerResetTestExecutionListener@1d3b8178, org.springframework.boot.test.autoconfigure.web.servlet.MockMvcPrintOnlyOnFailureTestExecutionListener@714e4c19, org.springframework.boot.test.autoconfigure.web.servlet.WebDriverTestExecutionListener@21c7da49, org.springframework.boot.test.mock.mockito.ResetMocksTestExecutionListener@58e97abb]
2021-04-26 22:14:38.085  INFO 16704 --- [o-auto-1-exec-1] o.a.c.c.C.[Tomcat].[localhost].[/]       : Initializing Spring DispatcherServlet 'dispatcherServlet'
2021-04-26 22:14:38.086  INFO 16704 --- [o-auto-1-exec-1] o.s.web.servlet.DispatcherServlet        : Initializing Servlet 'dispatcherServlet'
2021-04-26 22:14:38.092  INFO 16704 --- [o-auto-1-exec-1] o.s.web.servlet.DispatcherServlet        : Completed initialization in 6 ms
Hibernate: select posts0_.id as id1_0_, posts0_.created_date as created_2_0_, posts0_.modified_date as modified3_0_, posts0_.author as author4_0_, posts0_.content as content5_0_, posts0_.title as title6_0_ from posts posts0_ order by posts0_.id desc
]]></system-out>
  <system-err><![CDATA[]]></system-err>
</testsuite>
