<?xml version="1.0" encoding="UTF-8"?>
<testsuite name="com.jojoldu.book.domain.posts.PostsRepositoryTest" tests="2" skipped="0" failures="0" errors="0" timestamp="2021-04-26T13:14:33" hostname="DESKTOP-NBNQBKD" time="0.099">
  <properties/>
  <testcase name="게시글저장_불러오기" classname="com.jojoldu.book.domain.posts.PostsRepositoryTest" time="0.063"/>
  <testcase name="BaseTimeEntity_등록" classname="com.jojoldu.book.domain.posts.PostsRepositoryTest" time="0.025"/>
  <system-out><![CDATA[2021-04-26 22:14:26.236  INFO 16704 --- [    Test worker] .b.t.c.SpringBootTestContextBootstrapper : Neither @ContextConfiguration nor @ContextHierarchy found for test class [com.jojoldu.book.domain.posts.PostsRepositoryTest], using SpringBootContextLoader
2021-04-26 22:14:26.239  INFO 16704 --- [    Test worker] o.s.t.c.support.AbstractContextLoader    : Could not detect default resource locations for test class [com.jojoldu.book.domain.posts.PostsRepositoryTest]: no resource found for suffixes {-context.xml, Context.groovy}.
2021-04-26 22:14:26.241  INFO 16704 --- [    Test worker] t.c.s.AnnotationConfigContextLoaderUtils : Could not detect default configuration classes for test class [com.jojoldu.book.domain.posts.PostsRepositoryTest]: PostsRepositoryTest does not declare any static, non-private, non-final, nested classes annotated with @Configuration.
2021-04-26 22:14:26.266  INFO 16704 --- [    Test worker] .b.t.c.SpringBootTestContextBootstrapper : Found @SpringBootConfiguration com.jojoldu.book.Application for test class com.jojoldu.book.domain.posts.PostsRepositoryTest
2021-04-26 22:14:26.277  INFO 16704 --- [    Test worker] .b.t.c.SpringBootTestContextBootstrapper : Loaded default TestExecutionListener class names from location [META-INF/spring.factories]: [org.springframework.security.test.context.support.WithSecurityContextTestExecutionListener, org.springframework.security.test.context.support.ReactorContextTestExecutionListener, org.springframework.boot.test.autoconfigure.restdocs.RestDocsTestExecutionListener, org.springframework.boot.test.autoconfigure.web.client.MockRestServiceServerResetTestExecutionListener, org.springframework.boot.test.autoconfigure.web.servlet.MockMvcPrintOnlyOnFailureTestExecutionListener, org.springframework.boot.test.autoconfigure.web.servlet.WebDriverTestExecutionListener, org.springframework.boot.test.mock.mockito.MockitoTestExecutionListener, org.springframework.boot.test.mock.mockito.ResetMocksTestExecutionListener, org.springframework.test.context.web.ServletTestExecutionListener, org.springframework.test.context.support.DirtiesContextBeforeModesTestExecutionListener, org.springframework.test.context.support.DependencyInjectionTestExecutionListener, org.springframework.test.context.support.DirtiesContextTestExecutionListener, org.springframework.test.context.transaction.TransactionalTestExecutionListener, org.springframework.test.context.jdbc.SqlScriptsTestExecutionListener]
2021-04-26 22:14:26.283  INFO 16704 --- [    Test worker] .b.t.c.SpringBootTestContextBootstrapper : Using TestExecutionListeners: [org.springframework.test.context.web.ServletTestExecutionListener@5664d722, org.springframework.test.context.support.DirtiesContextBeforeModesTestExecutionListener@6dcfde64, org.springframework.boot.test.mock.mockito.MockitoTestExecutionListener@66ac5411, org.springframework.boot.test.autoconfigure.SpringBootDependencyInjectionTestExecutionListener@7afade33, org.springframework.test.context.support.DirtiesContextTestExecutionListener@a57db89, org.springframework.test.context.transaction.TransactionalTestExecutionListener@19f80859, org.springframework.test.context.jdbc.SqlScriptsTestExecutionListener@1df0dbab, org.springframework.security.test.context.support.WithSecurityContextTestExecutionListener@31d79560, org.springframework.security.test.context.support.ReactorContextTestExecutionListener@5688b40, org.springframework.boot.test.autoconfigure.restdocs.RestDocsTestExecutionListener@5c0bf174, org.springframework.boot.test.autoconfigure.web.client.MockRestServiceServerResetTestExecutionListener@47bd44dd, org.springframework.boot.test.autoconfigure.web.servlet.MockMvcPrintOnlyOnFailureTestExecutionListener@4a4ca5df, org.springframework.boot.test.autoconfigure.web.servlet.WebDriverTestExecutionListener@b3f055d, org.springframework.boot.test.mock.mockito.ResetMocksTestExecutionListener@83cc51f]

  .   ____          _            __ _ _
 /\\ / ___'_ __ _ _(_)_ __  __ _ \ \ \ \
( ( )\___ | '_ | '_| | '_ \/ _` | \ \ \ \
 \\/  ___)| |_)| | | | | || (_| |  ) ) ) )
  '  |____| .__|_| |_|_| |_\__, | / / / /
 =========|_|==============|___/=/_/_/_/
 :: Spring Boot ::        (v2.1.9.RELEASE)

2021-04-26 22:14:26.379  INFO 16704 --- [    Test worker] c.j.b.domain.posts.PostsRepositoryTest   : Starting PostsRepositoryTest on DESKTOP-NBNQBKD with PID 16704 (started by yjlee in C:\Users\yjlee\IdeaProjects\Project2)
2021-04-26 22:14:26.379  INFO 16704 --- [    Test worker] c.j.b.domain.posts.PostsRepositoryTest   : No active profile set, falling back to default profiles: default
2021-04-26 22:14:27.539  INFO 16704 --- [    Test worker] .s.d.r.c.RepositoryConfigurationDelegate : Bootstrapping Spring Data repositories in DEFAULT mode.
2021-04-26 22:14:27.639  INFO 16704 --- [    Test worker] .s.d.r.c.RepositoryConfigurationDelegate : Finished Spring Data repository scanning in 96ms. Found 2 repository interfaces.
2021-04-26 22:14:28.293  INFO 16704 --- [    Test worker] trationDelegate$BeanPostProcessorChecker : Bean 'org.springframework.transaction.annotation.ProxyTransactionManagementConfiguration' of type [org.springframework.transaction.annotation.ProxyTransactionManagementConfiguration$$EnhancerBySpringCGLIB$$d2145456] is not eligible for getting processed by all BeanPostProcessors (for example: not eligible for auto-proxying)
2021-04-26 22:14:29.041  INFO 16704 --- [    Test worker] com.zaxxer.hikari.HikariDataSource       : HikariPool-2 - Starting...
2021-04-26 22:14:29.047  INFO 16704 --- [    Test worker] com.zaxxer.hikari.HikariDataSource       : HikariPool-2 - Start completed.
2021-04-26 22:14:29.190  INFO 16704 --- [    Test worker] o.hibernate.jpa.internal.util.LogHelper  : HHH000204: Processing PersistenceUnitInfo [
	name: default
	...]
2021-04-26 22:14:29.293  INFO 16704 --- [    Test worker] org.hibernate.dialect.Dialect            : HHH000400: Using dialect: org.hibernate.dialect.MySQL57Dialect
Hibernate: drop table if exists posts
Hibernate: drop table if exists user
Hibernate: create table posts (id bigint not null auto_increment, created_date datetime(6), modified_date datetime(6), author varchar(255), content TEXT not null, title varchar(500) not null, primary key (id)) engine=InnoDB
Hibernate: create table user (id bigint not null auto_increment, created_date datetime(6), modified_date datetime(6), email varchar(255) not null, name varchar(255) not null, picture varchar(255), role varchar(255) not null, primary key (id)) engine=InnoDB
2021-04-26 22:14:29.544  INFO 16704 --- [    Test worker] o.h.t.schema.internal.SchemaCreatorImpl  : HHH000476: Executing import script 'org.hibernate.tool.schema.internal.exec.ScriptSourceInputNonExistentImpl@535b4f4a'
2021-04-26 22:14:29.545  INFO 16704 --- [    Test worker] j.LocalContainerEntityManagerFactoryBean : Initialized JPA EntityManagerFactory for persistence unit 'default'
2021-04-26 22:14:30.707  INFO 16704 --- [    Test worker] o.h.h.i.QueryTranslatorFactoryInitiator  : HHH000397: Using ASTQueryTranslatorFactory
2021-04-26 22:14:31.257  INFO 16704 --- [    Test worker] o.s.s.web.DefaultSecurityFilterChain     : Creating filter chain: any request, [org.springframework.security.web.context.request.async.WebAsyncManagerIntegrationFilter@1f3bc1cf, org.springframework.security.web.context.SecurityContextPersistenceFilter@6a04f837, org.springframework.security.web.header.HeaderWriterFilter@efee6c8, org.springframework.security.web.authentication.logout.LogoutFilter@47f87d13, org.springframework.security.oauth2.client.web.OAuth2AuthorizationRequestRedirectFilter@3436ff11, org.springframework.security.oauth2.client.web.OAuth2LoginAuthenticationFilter@2b66f0dd, org.springframework.security.web.authentication.ui.DefaultLoginPageGeneratingFilter@a70e92a, org.springframework.security.web.authentication.ui.DefaultLogoutPageGeneratingFilter@5a41afb8, org.springframework.security.web.savedrequest.RequestCacheAwareFilter@51c0ebf, org.springframework.security.web.servletapi.SecurityContextHolderAwareRequestFilter@7c2d6072, org.springframework.security.web.authentication.AnonymousAuthenticationFilter@598c1d96, org.springframework.security.web.session.SessionManagementFilter@73c0bd60, org.springframework.security.web.access.ExceptionTranslationFilter@4215ac44, org.springframework.security.web.access.intercept.FilterSecurityInterceptor@f2942c2]
2021-04-26 22:14:32.288  INFO 16704 --- [    Test worker] o.s.s.concurrent.ThreadPoolTaskExecutor  : Initializing ExecutorService 'applicationTaskExecutor'
2021-04-26 22:14:32.322  WARN 16704 --- [    Test worker] aWebConfiguration$JpaWebMvcConfiguration : spring.jpa.open-in-view is enabled by default. Therefore, database queries may be performed during view rendering. Explicitly configure spring.jpa.open-in-view to disable this warning
2021-04-26 22:14:32.424  INFO 16704 --- [    Test worker] o.s.b.a.w.s.WelcomePageHandlerMapping    : Adding welcome page template: index
2021-04-26 22:14:33.795  INFO 16704 --- [    Test worker] s.a.ScheduledAnnotationBeanPostProcessor : No TaskScheduler/ScheduledExecutorService bean found for scheduled processing
2021-04-26 22:14:33.798  INFO 16704 --- [    Test worker] c.j.b.domain.posts.PostsRepositoryTest   : Started PostsRepositoryTest in 7.498 seconds (JVM running for 34.998)
Hibernate: insert into posts (created_date, modified_date, author, content, title) values (?, ?, ?, ?, ?)
Hibernate: select posts0_.id as id1_0_, posts0_.created_date as created_2_0_, posts0_.modified_date as modified3_0_, posts0_.author as author4_0_, posts0_.content as content5_0_, posts0_.title as title6_0_ from posts posts0_
Hibernate: select posts0_.id as id1_0_, posts0_.created_date as created_2_0_, posts0_.modified_date as modified3_0_, posts0_.author as author4_0_, posts0_.content as content5_0_, posts0_.title as title6_0_ from posts posts0_
Hibernate: delete from posts where id=?
Hibernate: insert into posts (created_date, modified_date, author, content, title) values (?, ?, ?, ?, ?)
Hibernate: select posts0_.id as id1_0_, posts0_.created_date as created_2_0_, posts0_.modified_date as modified3_0_, posts0_.author as author4_0_, posts0_.content as content5_0_, posts0_.title as title6_0_ from posts posts0_
>>>>> created time = 2021-04-26T22:14:33.883571, modified date = 2021-04-26T22:14:33.883571
Hibernate: select posts0_.id as id1_0_, posts0_.created_date as created_2_0_, posts0_.modified_date as modified3_0_, posts0_.author as author4_0_, posts0_.content as content5_0_, posts0_.title as title6_0_ from posts posts0_
Hibernate: delete from posts where id=?
]]></system-out>
  <system-err><![CDATA[]]></system-err>
</testsuite>
