<?xml version="1.0" encoding="UTF-8"?>
<testsuite name="com.jojoldu.book.web.HelloControllerTest" tests="2" skipped="0" failures="0" errors="0" timestamp="2021-04-26T13:14:37" hostname="DESKTOP-NBNQBKD" time="0.09">
  <properties/>
  <testcase name="hello가_리턴된다" classname="com.jojoldu.book.web.HelloControllerTest" time="0.029"/>
  <testcase name="helloDto가_리턴된다" classname="com.jojoldu.book.web.HelloControllerTest" time="0.06"/>
  <system-out><![CDATA[2021-04-26 22:14:33.946  INFO 16704 --- [    Test worker] .b.t.a.w.s.WebMvcTestContextBootstrapper : Neither @ContextConfiguration nor @ContextHierarchy found for test class [com.jojoldu.book.web.HelloControllerTest], using SpringBootContextLoader
2021-04-26 22:14:33.949  INFO 16704 --- [    Test worker] o.s.t.c.support.AbstractContextLoader    : Could not detect default resource locations for test class [com.jojoldu.book.web.HelloControllerTest]: no resource found for suffixes {-context.xml, Context.groovy}.
2021-04-26 22:14:33.949  INFO 16704 --- [    Test worker] t.c.s.AnnotationConfigContextLoaderUtils : Could not detect default configuration classes for test class [com.jojoldu.book.web.HelloControllerTest]: HelloControllerTest does not declare any static, non-private, non-final, nested classes annotated with @Configuration.
2021-04-26 22:14:33.991  INFO 16704 --- [    Test worker] .b.t.c.SpringBootTestContextBootstrapper : Found @SpringBootConfiguration com.jojoldu.book.Application for test class com.jojoldu.book.web.HelloControllerTest
2021-04-26 22:14:33.993  INFO 16704 --- [    Test worker] .b.t.a.w.s.WebMvcTestContextBootstrapper : Loaded default TestExecutionListener class names from location [META-INF/spring.factories]: [org.springframework.security.test.context.support.WithSecurityContextTestExecutionListener, org.springframework.security.test.context.support.ReactorContextTestExecutionListener, org.springframework.boot.test.autoconfigure.restdocs.RestDocsTestExecutionListener, org.springframework.boot.test.autoconfigure.web.client.MockRestServiceServerResetTestExecutionListener, org.springframework.boot.test.autoconfigure.web.servlet.MockMvcPrintOnlyOnFailureTestExecutionListener, org.springframework.boot.test.autoconfigure.web.servlet.WebDriverTestExecutionListener, org.springframework.boot.test.mock.mockito.MockitoTestExecutionListener, org.springframework.boot.test.mock.mockito.ResetMocksTestExecutionListener, org.springframework.test.context.web.ServletTestExecutionListener, org.springframework.test.context.support.DirtiesContextBeforeModesTestExecutionListener, org.springframework.test.context.support.DependencyInjectionTestExecutionListener, org.springframework.test.context.support.DirtiesContextTestExecutionListener, org.springframework.test.context.transaction.TransactionalTestExecutionListener, org.springframework.test.context.jdbc.SqlScriptsTestExecutionListener]
2021-04-26 22:14:33.996  INFO 16704 --- [    Test worker] .b.t.a.w.s.WebMvcTestContextBootstrapper : Using TestExecutionListeners: [org.springframework.test.context.web.ServletTestExecutionListener@440ae9a4, org.springframework.test.context.support.DirtiesContextBeforeModesTestExecutionListener@6dbc5e60, org.springframework.boot.test.mock.mockito.MockitoTestExecutionListener@3c29dd4c, org.springframework.boot.test.autoconfigure.SpringBootDependencyInjectionTestExecutionListener@381091fd, org.springframework.test.context.support.DirtiesContextTestExecutionListener@2b441892, org.springframework.test.context.transaction.TransactionalTestExecutionListener@24840cc4, org.springframework.test.context.jdbc.SqlScriptsTestExecutionListener@563566a5, org.springframework.security.test.context.support.WithSecurityContextTestExecutionListener@6a169ae7, org.springframework.security.test.context.support.ReactorContextTestExecutionListener@619d9fbf, org.springframework.boot.test.autoconfigure.restdocs.RestDocsTestExecutionListener@65fb5d64, org.springframework.boot.test.autoconfigure.web.client.MockRestServiceServerResetTestExecutionListener@18860f30, org.springframework.boot.test.autoconfigure.web.servlet.MockMvcPrintOnlyOnFailureTestExecutionListener@46997f65, org.springframework.boot.test.autoconfigure.web.servlet.WebDriverTestExecutionListener@4b74706e, org.springframework.boot.test.mock.mockito.ResetMocksTestExecutionListener@745b0419]

  .   ____          _            __ _ _
 /\\ / ___'_ __ _ _(_)_ __  __ _ \ \ \ \
( ( )\___ | '_ | '_| | '_ \/ _` | \ \ \ \
 \\/  ___)| |_)| | | | | || (_| |  ) ) ) )
  '  |____| .__|_| |_|_| |_\__, | / / / /
 =========|_|==============|___/=/_/_/_/
 :: Spring Boot ::        (v2.1.9.RELEASE)

2021-04-26 22:14:34.103  INFO 16704 --- [    Test worker] c.jojoldu.book.web.HelloControllerTest   : Starting HelloControllerTest on DESKTOP-NBNQBKD with PID 16704 (started by yjlee in C:\Users\yjlee\IdeaProjects\Project2)
2021-04-26 22:14:34.104  INFO 16704 --- [    Test worker] c.jojoldu.book.web.HelloControllerTest   : No active profile set, falling back to default profiles: default
2021-04-26 22:14:36.345  INFO 16704 --- [    Test worker] o.s.s.concurrent.ThreadPoolTaskExecutor  : Initializing ExecutorService 'applicationTaskExecutor'
2021-04-26 22:14:36.433  INFO 16704 --- [    Test worker] o.s.b.a.w.s.WelcomePageHandlerMapping    : Adding welcome page template: index
2021-04-26 22:14:37.261  INFO 16704 --- [    Test worker] .s.s.UserDetailsServiceAutoConfiguration : 

Using generated security password: a2afe3be-475c-47b3-bc25-f6a9b580559d

2021-04-26 22:14:37.648  INFO 16704 --- [    Test worker] o.s.s.web.DefaultSecurityFilterChain     : Creating filter chain: any request, [org.springframework.security.web.context.request.async.WebAsyncManagerIntegrationFilter@25bb7a71, org.springframework.security.web.context.SecurityContextPersistenceFilter@26f5ad0f, org.springframework.security.web.header.HeaderWriterFilter@21e629e1, org.springframework.security.web.csrf.CsrfFilter@31c36e56, org.springframework.security.web.authentication.logout.LogoutFilter@15b8d846, org.springframework.security.web.authentication.UsernamePasswordAuthenticationFilter@54acb5fa, org.springframework.security.web.authentication.ui.DefaultLoginPageGeneratingFilter@65e857cf, org.springframework.security.web.authentication.ui.DefaultLogoutPageGeneratingFilter@53652149, org.springframework.security.web.authentication.www.BasicAuthenticationFilter@245fa0c, org.springframework.security.web.savedrequest.RequestCacheAwareFilter@145f58a7, org.springframework.security.web.servletapi.SecurityContextHolderAwareRequestFilter@466d2ec, org.springframework.security.web.authentication.AnonymousAuthenticationFilter@7e5d34b3, org.springframework.security.web.session.SessionManagementFilter@bfd5255, org.springframework.security.web.access.ExceptionTranslationFilter@3610911f, org.springframework.security.web.access.intercept.FilterSecurityInterceptor@701d0459]
2021-04-26 22:14:37.680  INFO 16704 --- [    Test worker] o.s.b.t.m.w.SpringBootMockServletContext : Initializing Spring TestDispatcherServlet ''
2021-04-26 22:14:37.680  INFO 16704 --- [    Test worker] o.s.t.web.servlet.TestDispatcherServlet  : Initializing Servlet ''
2021-04-26 22:14:37.694  INFO 16704 --- [    Test worker] o.s.t.web.servlet.TestDispatcherServlet  : Completed initialization in 14 ms
2021-04-26 22:14:37.746  INFO 16704 --- [    Test worker] c.jojoldu.book.web.HelloControllerTest   : Started HelloControllerTest in 3.742 seconds (JVM running for 38.945)
]]></system-out>
  <system-err><![CDATA[]]></system-err>
</testsuite>
