<?xml version="1.0" encoding="UTF-8"?>
<testsuite name="com.jojoldu.book.web.dto.HelloResponseDtoTest" tests="1" skipped="0" failures="0" errors="0" timestamp="2021-04-27T05:50:08" hostname="DESKTOP-182C8T2" time="0.004">
  <properties/>
  <testcase name="rombok_test" classname="com.jojoldu.book.web.dto.HelloResponseDtoTest" time="0.004"/>
  <system-out><![CDATA[]]></system-out>
  <system-err><![CDATA[]]></system-err>
</testsuite>
